

times in msec
 clock   self+sourced   self:  sourced script
 clock   elapsed:              other lines

000.007  000.007: --- NVIM STARTING ---
000.137  000.130: event init
000.337  000.200: early init
000.928  000.591: locale set
000.958  000.030: init first window
001.469  000.511: inits 1
001.484  000.014: window checked
001.488  000.005: parsing arguments
002.073  000.103  000.103: require('vim.shared')
002.207  000.046  000.046: require('vim._meta')
002.209  000.132  000.086: require('vim._editor')
002.211  000.282  000.047: require('vim._init_packages')
002.213  000.443: init lua interpreter
004.455  002.242: expanding arguments
004.528  000.072: inits 2
004.921  000.393: init highlight
004.922  000.002: waiting for UI
008.853  003.931: done waiting for UI
008.866  000.013: init screen for UI
009.084  000.217: init default mappings
009.110  000.026: init default autocommands
010.199  000.087  000.087: sourcing /opt/homebrew/Cellar/neovim/0.8.3/share/nvim/runtime/ftplugin.vim
010.361  000.035  000.035: sourcing /opt/homebrew/Cellar/neovim/0.8.3/share/nvim/runtime/indent.vim
011.151  000.494  000.494: require('user.options')
011.338  000.184  000.184: require('user.keymaps')
012.861  001.109  001.109: require('lazy')
012.907  000.024  000.024: require('ffi')
013.813  000.903  000.903: require('lazy.core.cache')
014.116  000.258  000.258: require('lazy.stats')
014.597  000.333  000.333: require('lazy.core.util')
014.765  000.165  000.165: require('lazy.core.config')
015.022  000.114  000.114: require('lazy.core.handler')
015.140  000.115  000.115: require('lazy.core.plugin')
015.147  000.379  000.149: require('lazy.core.loader')
016.104  000.132  000.132: require('lazy.core.handler.event')
016.207  000.099  000.099: require('lazy.core.handler.cmd')
016.302  000.093  000.093: require('lazy.core.handler.ft')
016.523  000.217  000.217: require('lazy.core.handler.keys')
017.373  000.475  000.475: sourcing /opt/homebrew/Cellar/neovim/0.8.3/share/nvim/runtime/filetype.lua
017.706  000.067  000.067: sourcing /Users/chaojiezhu/.local/share/nvim/lazy/nvim-web-devicons/plugin/nvim-web-devicons.vim
019.051  000.194  000.194: require('indent_blankline/utils')
019.059  000.881  000.687: require('indent_blankline')
019.291  000.114  000.114: require('indent_blankline.commands')
019.369  001.276  000.281: sourcing /Users/chaojiezhu/.local/share/nvim/lazy/indent-blankline.nvim/plugin/indent_blankline.vim
020.136  000.034  000.034: require('vim.keymap')
020.834  000.099  000.099: require('legendary.vendor.middleclass')
020.958  000.122  000.122: require('legendary.util')
021.064  000.104  000.104: require('legendary.config')
021.318  000.085  000.085: require('legendary.api.cache')
021.324  000.175  000.090: require('legendary.log')
021.327  000.262  000.087: require('legendary.toolbox')
021.352  000.731  000.144: require('legendary.data.command')
021.537  000.092  000.092: require('legendary.api.luatools')
021.542  000.187  000.095: require('legendary.ui.scratchpad')
021.717  001.579  000.661: require('legendary.api.cmds')
022.317  002.390  000.776: sourcing /Users/chaojiezhu/.local/share/nvim/lazy/legendary.nvim/plugin/legendary.lua
023.245  000.091  000.091: require('nvim-treesitter.utils')
023.956  000.124  000.124: require('vim.treesitter.language')
024.006  000.329  000.205: require('vim.treesitter.query')
024.209  000.201  000.201: require('vim.treesitter.languagetree')
024.268  000.740  000.210: require('vim.treesitter')
024.563  001.315  000.575: require('nvim-treesitter.parsers')
025.035  000.092  000.092: require('nvim-treesitter.ts_utils')
025.040  000.176  000.085: require('nvim-treesitter.tsrange')
025.118  000.076  000.076: require('nvim-treesitter.caching')
025.127  000.354  000.101: require('nvim-treesitter.query')
025.140  000.477  000.122: require('nvim-treesitter.configs')
025.143  000.578  000.102: require('nvim-treesitter.info')
025.241  000.096  000.096: require('nvim-treesitter.shell_command_selectors')
025.261  002.236  000.155: require('nvim-treesitter.install')
025.370  000.107  000.107: require('nvim-treesitter.statusline')
025.520  000.097  000.097: require('nvim-treesitter.query_predicates')
025.523  002.919  000.478: require('nvim-treesitter')
025.871  003.333  000.414: sourcing /Users/chaojiezhu/.local/share/nvim/lazy/nvim-treesitter/plugin/nvim-treesitter.lua
026.865  000.438  000.438: require('rainbow')
026.917  000.506  000.069: sourcing /Users/chaojiezhu/.local/share/nvim/lazy/nvim-ts-rainbow/plugin/rainbow.vim
028.085  000.101  000.101: require('vim.ui')
028.091  000.214  000.113: require('dressing.patch')
028.093  000.832  000.618: require('dressing')
028.105  000.907  000.074: sourcing /Users/chaojiezhu/.local/share/nvim/lazy/dressing.nvim/plugin/dressing.lua
029.699  000.154  000.154: require('vim.lsp.log')
030.440  000.006  000.006: require('vim.F')
030.443  000.742  000.736: require('vim.lsp.protocol')
030.947  000.296  000.296: require('vim.lsp._snippet')
031.041  000.092  000.092: require('vim.highlight')
031.060  000.616  000.228: require('vim.lsp.util')
031.150  001.769  000.258: require('vim.lsp.handlers')
031.321  000.170  000.170: require('vim.lsp.rpc')
031.410  000.086  000.086: require('vim.lsp.sync')
031.721  000.308  000.308: require('vim.lsp.buf')
031.954  000.232  000.232: require('vim.lsp.diagnostic')
032.052  000.096  000.096: require('vim.lsp.codelens')
032.144  003.092  000.431: require('vim.lsp')
032.180  003.216  000.124: sourcing /Users/chaojiezhu/.local/share/nvim/lazy/nvim-lspconfig/plugin/lspconfig.lua
033.733  000.730  000.730: require('vim.filetype')
034.551  000.097  000.097: require('luasnip.util.types')
034.627  000.074  000.074: require('luasnip.util.ext_opts')
034.852  000.071  000.071: require('luasnip.session')
034.859  000.161  000.089: require('luasnip.util.util')
034.861  000.233  000.072: require('luasnip.extras.filetype_functions')
034.988  001.008  000.605: require('luasnip.config')
035.172  000.076  000.076: require('luasnip.session.snippet_collection')
035.738  000.481  000.481: require('luasnip.util._builtin_vars')
035.774  000.033  000.033: require('vim.inspect')
035.863  000.690  000.175: require('luasnip.util.environ')
035.956  000.092  000.092: require('luasnip.util.extend_decorator')
036.099  000.066  000.066: require('luasnip.loaders._caches')
036.196  000.096  000.096: require('luasnip.util.path')
036.206  000.248  000.086: require('luasnip.loaders')
036.318  000.107  000.107: require('luasnip.util.log')
036.332  001.340  000.126: require('luasnip')
036.354  003.408  000.330: sourcing /Users/chaojiezhu/.local/share/nvim/lazy/LuaSnip/plugin/luasnip.lua
036.459  000.032  000.032: sourcing /Users/chaojiezhu/.local/share/nvim/lazy/LuaSnip/plugin/luasnip.vim
037.763  000.130  000.130: require('vim.treesitter.highlighter')
037.806  001.165  001.035: require('treesitter-context')
037.809  001.180  000.015: sourcing /Users/chaojiezhu/.local/share/nvim/lazy/nvim-treesitter-context/plugin/treesitter-context.vim
039.984  000.478  000.478: require('nvim-treesitter-playground')
040.100  000.648  000.170: sourcing /Users/chaojiezhu/.local/share/nvim/lazy/playground/plugin/nvim-treesitter-playground.lua
040.247  000.018  000.018: sourcing /Users/chaojiezhu/.local/share/nvim/lazy/yabs.nvim/plugin/yabs.vim
040.357  000.013  000.013: sourcing /Users/chaojiezhu/.local/share/nvim/lazy/yabs.nvim/ftdetect/yabs.vim
040.820  000.026  000.026: sourcing /Users/chaojiezhu/.local/share/nvim/lazy/plenary.nvim/plugin/plenary.vim
043.394  000.819  000.819: require('bufdelete')
043.395  000.886  000.067: sourcing /Users/chaojiezhu/.local/share/nvim/lazy/bufdelete.nvim/plugin/bufdelete.lua
044.838  000.811  000.811: require('cmp.utils.api')
044.987  000.073  000.073: require('cmp.types.cmp')
045.164  000.090  000.090: require('cmp.utils.misc')
045.193  000.204  000.114: require('cmp.types.lsp')
045.278  000.084  000.084: require('cmp.types.vim')
045.280  000.440  000.080: require('cmp.types')
045.348  000.067  000.067: require('cmp.utils.highlight')
045.486  000.063  000.063: require('cmp.utils.debug')
045.492  000.143  000.080: require('cmp.utils.autocmd')
045.687  001.728  000.267: sourcing /Users/chaojiezhu/.local/share/nvim/lazy/nvim-cmp/plugin/cmp.lua
046.925  000.021  000.021: sourcing /Users/chaojiezhu/.local/share/nvim/lazy/zig.vim/ftdetect/zig.vim
047.735  000.227  000.227: sourcing /Users/chaojiezhu/.local/share/nvim/lazy/telescope.nvim/plugin/telescope.lua
051.633  000.083  000.083: require('Comment.config')
051.975  000.152  000.152: require('Comment.ft')
051.982  000.348  000.195: require('Comment.utils')
052.075  000.091  000.091: require('Comment.opfunc')
052.150  000.074  000.074: require('Comment.extra')
052.153  001.321  000.726: require('Comment.api')
052.226  001.443  000.122: sourcing /Users/chaojiezhu/.local/share/nvim/lazy/Comment.nvim/plugin/Comment.lua
053.048  000.015  000.015: sourcing /opt/homebrew/Cellar/neovim/0.8.3/share/nvim/runtime/plugin/gzip.vim
053.113  000.009  000.009: sourcing /opt/homebrew/Cellar/neovim/0.8.3/share/nvim/runtime/plugin/health.vim
053.267  000.100  000.100: sourcing /opt/homebrew/Cellar/neovim/0.8.3/share/nvim/runtime/plugin/man.lua
053.337  000.012  000.012: sourcing /opt/homebrew/Cellar/neovim/0.8.3/share/nvim/runtime/plugin/matchit.vim
053.507  000.116  000.116: sourcing /opt/homebrew/Cellar/neovim/0.8.3/share/nvim/runtime/plugin/matchparen.vim
053.572  000.014  000.014: sourcing /opt/homebrew/Cellar/neovim/0.8.3/share/nvim/runtime/plugin/netrwPlugin.vim
053.795  000.010  000.010: sourcing /Users/chaojiezhu/.local/share/nvim/rplugin.vim
053.800  000.168  000.158: sourcing /opt/homebrew/Cellar/neovim/0.8.3/share/nvim/runtime/plugin/rplugin.vim
053.900  000.046  000.046: sourcing /opt/homebrew/Cellar/neovim/0.8.3/share/nvim/runtime/plugin/shada.vim
053.977  000.010  000.010: sourcing /opt/homebrew/Cellar/neovim/0.8.3/share/nvim/runtime/plugin/spellfile.vim
054.068  000.013  000.013: sourcing /opt/homebrew/Cellar/neovim/0.8.3/share/nvim/runtime/plugin/tarPlugin.vim
054.133  000.010  000.010: sourcing /opt/homebrew/Cellar/neovim/0.8.3/share/nvim/runtime/plugin/tohtml.vim
054.199  000.016  000.016: sourcing /opt/homebrew/Cellar/neovim/0.8.3/share/nvim/runtime/plugin/tutor.vim
054.272  000.014  000.014: sourcing /opt/homebrew/Cellar/neovim/0.8.3/share/nvim/runtime/plugin/zipPlugin.vim
054.901  000.130  000.130: require('cmp_nvim_lsp.source')
054.910  000.310  000.180: require('cmp_nvim_lsp')
054.915  000.391  000.081: sourcing /Users/chaojiezhu/.local/share/nvim/lazy/cmp-nvim-lsp/after/plugin/cmp_nvim_lsp.lua
055.684  000.068  000.068: require('cmp.utils.char')
055.688  000.132  000.064: require('cmp.utils.str')
055.741  000.052  000.052: require('cmp.utils.pattern')
055.903  000.051  000.051: require('cmp.utils.buffer')
055.906  000.113  000.062: require('cmp.utils.keymap')
055.909  000.167  000.054: require('cmp.utils.feedkeys')
055.970  000.060  000.060: require('cmp.utils.async')
056.084  000.048  000.048: require('cmp.utils.cache')
056.086  000.115  000.067: require('cmp.context')
056.254  000.057  000.057: require('cmp.config.mapping')
056.363  000.053  000.053: require('cmp.config.compare')
056.364  000.108  000.055: require('cmp.config.default')
056.371  000.227  000.062: require('cmp.config')
056.484  000.049  000.049: require('cmp.matcher')
056.487  000.115  000.066: require('cmp.entry')
056.491  000.404  000.063: require('cmp.source')
056.590  000.047  000.047: require('cmp.utils.event')
056.740  000.045  000.045: require('cmp.utils.options')
056.743  000.102  000.056: require('cmp.utils.window')
056.744  000.153  000.051: require('cmp.view.docs_view')
056.810  000.065  000.065: require('cmp.view.custom_entries_view')
056.870  000.060  000.060: require('cmp.view.wildmenu_entries_view')
056.925  000.053  000.053: require('cmp.view.native_entries_view')
056.975  000.050  000.050: require('cmp.view.ghost_text_view')
056.980  000.488  000.061: require('cmp.view')
057.047  001.643  000.225: require('cmp.core')
057.142  000.048  000.048: require('cmp.config.sources')
057.188  000.045  000.045: require('cmp.config.window')
057.214  002.074  000.337: require('cmp')
057.288  000.073  000.073: require('cmp_cmdline')
057.305  002.303  000.156: sourcing /Users/chaojiezhu/.local/share/nvim/lazy/cmp-cmdline/after/plugin/cmp_cmdline.lua
057.496  000.051  000.051: require('cmp_nvim_lua')
057.523  000.124  000.072: sourcing /Users/chaojiezhu/.local/share/nvim/lazy/cmp-nvim-lua/after/plugin/cmp_nvim_lua.lua
057.705  000.057  000.057: require('cmp_nvim_lsp_signature_help')
057.712  000.113  000.056: sourcing /Users/chaojiezhu/.local/share/nvim/lazy/cmp-nvim-lsp-signature-help/after/plugin/cmp_nvim_lsp_signature_help.lua
057.891  000.061  000.061: require('cmp_path')
057.897  000.116  000.055: sourcing /Users/chaojiezhu/.local/share/nvim/lazy/cmp-path/after/plugin/cmp_path.lua
058.200  000.046  000.046: require('cmp_buffer.timer')
058.202  000.101  000.054: require('cmp_buffer.buffer')
058.204  000.151  000.050: require('cmp_buffer.source')
058.205  000.198  000.047: require('cmp_buffer')
058.213  000.247  000.049: sourcing /Users/chaojiezhu/.local/share/nvim/lazy/cmp-buffer/after/plugin/cmp_buffer.lua
058.391  000.059  000.059: require('cmp_luasnip')
058.405  000.116  000.057: sourcing /Users/chaojiezhu/.local/share/nvim/lazy/cmp_luasnip/after/plugin/cmp_luasnip.lua
058.463  047.123  017.658: require('user.plugins')
058.588  000.067  000.067: require('onedark')
061.134  000.055  000.055: require('onedark')
061.670  000.072  000.072: require('onedark.palette')
061.693  000.148  000.076: require('onedark.colors')
061.750  000.054  000.054: require('onedark.util')
061.822  000.392  000.190: require('onedark.highlights')
063.094  000.088  000.088: require('onedark.terminal')
063.100  002.371  001.835: sourcing /Users/chaojiezhu/.local/share/nvim/lazy/onedark.nvim/colors/onedark.lua
063.210  000.078  000.078: require('indent_blankline.utils')
063.341  000.104  000.104: require('rainbow.internal')
063.421  004.957  002.337: require('user.colorscheme')
063.611  000.058  000.058: require('luasnip.loaders.util')
063.913  000.049  000.049: require('luasnip.nodes.util')
063.963  000.048  000.048: require('luasnip.util.events')
063.968  000.161  000.064: require('luasnip.nodes.node')
064.044  000.075  000.075: require('luasnip.nodes.insertNode')
064.118  000.074  000.074: require('luasnip.nodes.textNode')
064.172  000.052  000.052: require('luasnip.util.mark')
064.221  000.048  000.048: require('luasnip.util.pattern_tokenizer')
064.265  000.043  000.043: require('luasnip.util.dict')
064.291  000.568  000.116: require('luasnip.nodes.snippet')
064.454  000.050  000.050: require('luasnip.util.parser.neovim_ast')
064.503  000.047  000.047: require('luasnip.util.str')
065.772  000.061  000.061: require('luasnip.util.directed_graph')
065.780  001.429  001.271: require('luasnip.util.parser.ast_utils')
065.858  000.077  000.077: require('luasnip.nodes.functionNode')
065.962  000.103  000.103: require('luasnip.nodes.choiceNode')
066.086  000.123  000.123: require('luasnip.nodes.dynamicNode')
066.157  000.070  000.070: require('luasnip.util.functions')
066.162  001.869  000.068: require('luasnip.util.parser.ast_parser')
066.328  000.165  000.165: require('luasnip.util.parser.neovim_parser')
066.332  002.666  000.063: require('luasnip.util.parser')
066.335  002.722  000.057: require('luasnip.nodes.snippetProxy')
066.486  000.147  000.147: require('luasnip.util.jsonc')
066.490  003.002  000.075: require('luasnip/loaders/from_vscode')
067.615  004.193  001.191: require('user.cmp')
068.359  000.200  000.200: require('lspconfig.util')
068.362  000.278  000.077: require('lspconfig.configs')
068.363  000.452  000.175: require('lspconfig')
068.495  000.130  000.130: require('user.lsp.handlers')
068.777  000.266  000.266: require('vim.diagnostic')
069.014  000.059  000.059: require('mason-core.path')
069.022  000.128  000.070: require('mason.settings')
069.191  000.100  000.100: require('mason-core.functional')
069.317  000.059  000.059: require('mason-core.functional.data')
069.322  000.121  000.062: require('mason-core.functional.function')
069.395  000.064  000.064: require('mason-core.functional.relation')
069.464  000.064  000.064: require('mason-core.functional.logic')
069.481  000.458  000.108: require('mason-core.platform')
069.521  000.681  000.095: require('mason')
069.925  000.138  000.138: require('mason-core.functional.list')
070.000  000.073  000.073: require('mason-core.functional.string')
070.024  000.337  000.126: require('mason.api.command')
070.100  000.070  000.070: require('mason-registry.sources')
070.278  000.106  000.106: require('mason-core.log')
070.280  000.177  000.071: require('mason-lspconfig')
070.340  000.058  000.058: require('mason-lspconfig.settings')
070.419  000.072  000.072: require('mason-lspconfig.lspconfig_hook')
070.591  000.086  000.086: require('mason-core.functional.table')
070.700  000.279  000.193: require('mason-lspconfig.mappings.server')
070.960  000.092  000.092: require('mason-core.async')
071.015  000.053  000.053: require('mason-core.async.uv')
071.135  000.350  000.205: require('mason-core.fs')
071.276  000.141  000.141: require('mason-core.optional')
071.404  000.126  000.126: require('mason-core.EventEmitter')
071.422  000.722  000.105: require('mason-registry')
071.507  000.083  000.083: require('mason-lspconfig.server_config_extensions')
071.644  000.137  000.137: require('lspconfig.server_configurations.omnisharp')
071.862  000.077  000.077: require('mason-core.notify')
071.863  000.170  000.093: require('mason-lspconfig.ensure_installed')
072.060  000.195  000.195: require('mason-core.package')
072.176  000.105  000.105: require('mason-registry.sources.lua')
072.300  000.122  000.122: require('mason-registry.index')
072.601  000.047  000.047: require('mason-core.result')
072.794  000.086  000.086: require('mason-core.process')
072.873  000.218  000.131: require('mason-core.spawn')
072.935  000.061  000.061: require('mason-core.receipt')
072.947  000.345  000.066: require('mason-core.installer.context')
072.996  000.049  000.049: require('mason-core.installer.linker')
073.040  000.043  000.043: require('mason-core.async.control')
073.043  000.544  000.061: require('mason-core.installer')
073.203  000.061  000.061: require('mason-core.managers.powershell')
073.204  000.106  000.046: require('mason-core.fetch')
073.207  000.163  000.057: require('mason-core.managers.std')
073.299  000.045  000.045: require('mason-core.providers')
073.304  000.096  000.051: require('mason-core.managers.github.client')
073.307  000.862  000.058: require('mason-core.managers.github')
073.336  001.035  000.173: require('mason-registry.index.clangd')
073.479  000.072  000.072: require('mason-registry.index.rust-analyzer')
073.595  000.055  000.055: require('mason-core.managers.npm')
073.599  000.108  000.053: require('mason-registry.index.typescript-language-server')
073.666  000.059  000.059: require('mason-registry.index.lua-language-server')
073.751  000.066  000.066: require('mason-registry.index.zls')
073.814  000.047  000.047: require('mason-registry.index.pyright')
073.915  000.049  000.049: require('mason-core.functional.number')
073.925  000.109  000.060: require('mason-lspconfig.api.command')
074.003  000.056  000.056: require('lspconfig.server_configurations.clangd')
074.349  000.051  000.051: require('lspconfig.server_configurations.zls')
074.606  000.054  000.054: require('lspconfig.server_configurations.lua_ls')
074.851  000.048  000.048: require('lspconfig.server_configurations.rust_analyzer')
075.099  000.052  000.052: require('lspconfig.server_configurations.pyright')
075.296  000.048  000.048: require('lspconfig.server_configurations.tsserver')
075.441  006.660  001.647: require('user.lsp.mason')
075.636  000.061  000.061: require('null-ls.utils')
075.642  000.113  000.052: require('null-ls.config')
075.728  000.042  000.042: require('null-ls.helpers.cache')
075.780  000.051  000.051: require('null-ls.helpers.diagnostics')
075.823  000.042  000.042: require('null-ls.helpers.formatter_factory')
075.924  000.045  000.045: require('null-ls.logger')
075.969  000.044  000.044: require('null-ls.state')
075.971  000.146  000.057: require('null-ls.helpers.generator_factory')
076.058  000.043  000.043: require('null-ls.helpers.command_resolver')
076.059  000.087  000.044: require('null-ls.helpers.make_builtin')
076.119  000.043  000.043: require('null-ls.helpers.range_formatting_args_factory')
076.120  000.477  000.065: require('null-ls.helpers')
076.300  000.086  000.086: require('null-ls.methods')
076.303  000.133  000.048: require('null-ls.diagnostics')
076.306  000.186  000.052: require('null-ls.sources')
076.358  000.050  000.050: require('null-ls.builtins')
076.360  000.875  000.049: require('null-ls')
076.414  000.053  000.053: require('null-ls.builtins.formatting.stylua')
076.463  000.047  000.047: require('null-ls.builtins.formatting.clang_format')
076.542  000.078  000.078: require('null-ls.builtins.diagnostics.ruff')
076.810  000.058  000.058: require('null-ls.client')
076.820  001.378  000.267: require('user.lsp.null-ls')
077.003  000.065  000.065: require('lsp_signature.helper')
077.015  000.149  000.084: require('lsp_signature')
077.026  000.205  000.057: require('user.lsp.signature')
077.202  000.045  000.045: require('rust-tools.utils.utils')
077.204  000.087  000.042: require('rust-tools.executors.termopen')
077.247  000.043  000.043: require('rust-tools.executors.quickfix')
077.290  000.042  000.042: require('rust-tools.executors.toggleterm')
077.291  000.220  000.048: require('rust-tools/executors')
077.335  000.042  000.042: require('rust-tools')
077.388  000.052  000.052: require('rust-tools.code_action_group')
077.439  000.050  000.050: require('rust-tools.cached_commands')
077.480  000.040  000.040: require('rust-tools.commands')
077.562  000.037  000.037: require('rust-tools.executors')
077.564  000.083  000.046: require('rust-tools.config')
077.606  000.041  000.041: require('rust-tools.crate_graph')
077.652  000.045  000.045: require('rust-tools.dap')
077.697  000.045  000.045: require('rust-tools.debuggables')
077.739  000.041  000.041: require('rust-tools.expand_macro')
077.780  000.040  000.040: require('rust-tools.external_docs')
077.826  000.045  000.045: require('rust-tools.hover_actions')
077.867  000.040  000.040: require('rust-tools.hover_range')
077.922  000.054  000.054: require('rust-tools.inlay_hints')
077.964  000.040  000.040: require('rust-tools.join_lines')
078.064  000.042  000.042: require('rust-tools.server_status')
078.065  000.100  000.058: require('rust-tools.lsp')
078.106  000.040  000.040: require('rust-tools.move_item')
078.146  000.040  000.040: require('rust-tools.open_cargo_toml')
078.187  000.040  000.040: require('rust-tools.parent_module')
078.229  000.041  000.041: require('rust-tools.runnables')
078.273  000.043  000.043: require('rust-tools.ssr')
078.316  000.042  000.042: require('rust-tools.standalone')
078.357  000.041  000.041: require('rust-tools.workspace_refresh')
078.845  001.819  000.554: require('user.lsp.settings.rust-tools')
079.061  000.214  000.214: require('user.lsp.settings.clangd')
079.244  000.182  000.182: require('user.lsp.settings.pyright')
079.423  000.178  000.178: require('user.lsp.settings.lua-ls')
079.580  000.156  000.156: require('user.lsp.settings.zls')
079.581  011.965  000.323: require('user.lsp')
079.734  000.053  000.053: require('telescope._extensions')
079.736  000.106  000.053: require('telescope')
080.095  000.047  000.047: require('plenary.bit')
080.140  000.044  000.044: require('plenary.functional')
080.149  000.176  000.085: require('plenary.path')
080.154  000.231  000.055: require('plenary.strings')
080.205  000.050  000.050: require('telescope.deprecated')
080.381  000.073  000.073: require('plenary.log')
080.393  000.129  000.056: require('telescope.log')
080.516  000.060  000.060: require('plenary.job')
080.563  000.046  000.046: require('telescope.state')
080.567  000.173  000.067: require('telescope.utils')
080.573  000.367  000.065: require('telescope.sorters')
081.404  001.548  000.900: require('telescope.config')
081.538  000.058  000.058: require('plenary.window.border')
081.597  000.058  000.058: require('plenary.window')
081.644  000.046  000.046: require('plenary.popup.utils')
081.646  000.240  000.078: require('plenary.popup')
081.699  000.053  000.053: require('telescope.pickers.scroller')
081.761  000.050  000.050: require('telescope.actions.state')
081.815  000.053  000.053: require('telescope.actions.utils')
081.963  000.082  000.082: require('telescope.actions.mt')
081.976  000.160  000.078: require('telescope.actions.set')
082.126  000.073  000.073: require('telescope.config.resolve')
082.128  000.151  000.079: require('telescope.pickers.entry_display')
082.184  000.056  000.056: require('telescope.from_entry')
082.330  002.593  000.283: require('telescope.actions')
083.319  000.338  000.338: require('fzf_lib')
083.322  000.410  000.072: require('telescope._extensions.fzf')
083.351  003.769  000.660: require('user.telescope')
113.683  000.087  000.087: require('nvim-treesitter.indent')
114.000  000.095  000.095: require('nvim-treesitter-playground.utils')
114.003  000.176  000.082: require('nvim-treesitter-playground.printer')
114.129  000.065  000.065: require('nvim-treesitter.locals')
114.131  000.126  000.061: require('nvim-treesitter-playground.query')
114.184  000.052  000.052: require('nvim-treesitter-playground.promise')
114.199  000.467  000.112: require('nvim-treesitter-playground.internal')
114.305  000.052  000.052: require('nvim-treesitter.highlight')
114.312  030.960  030.355: require('user.treesitter')
114.520  000.070  000.070: require('nvim-autopairs._log')
114.588  000.066  000.066: require('nvim-autopairs.utils')
115.067  000.243  000.243: require('nvim-autopairs.conds')
115.074  000.358  000.115: require('nvim-autopairs.rule')
115.079  000.490  000.132: require('nvim-autopairs.rules.basic')
115.106  000.737  000.111: require('nvim-autopairs')
115.281  000.141  000.141: require('nvim-autopairs.fastwrap')
115.721  000.136  000.136: require('nvim-autopairs.ts-conds')
115.740  000.250  000.114: require('nvim-autopairs.rules.ts_basic')
116.163  000.067  000.067: require('nvim-autopairs.completion.handlers')
116.170  000.142  000.075: require('nvim-autopairs.completion.cmp')
116.189  001.875  000.606: require('user.autopairs')
116.315  000.066  000.066: require('Comment')
116.389  000.199  000.133: require('user.comment')
116.533  000.045  000.045: require('gitsigns.async')
116.633  000.040  000.040: require('gitsigns.message')
116.641  000.108  000.068: require('gitsigns.config')
116.686  000.044  000.044: require('gitsigns.debug.log')
116.729  000.042  000.042: require('gitsigns.uv')
116.732  000.295  000.055: require('gitsigns')
117.037  000.648  000.353: require('user.gitsigns')
117.468  000.114  000.114: require('nvim-tree.notify')
117.471  000.161  000.047: require('nvim-tree.events')
117.603  000.041  000.041: require('nvim-tree.log')
117.696  000.041  000.041: require('nvim-tree.iterators.node-iterator')
117.720  000.116  000.075: require('nvim-tree.utils')
117.855  000.134  000.134: require('nvim-tree.git.utils')
117.901  000.046  000.046: require('nvim-tree.git.runner')
117.949  000.047  000.047: require('nvim-tree.watcher')
117.993  000.043  000.043: require('nvim-tree.explorer.node')
117.995  000.480  000.054: require('nvim-tree.git')
118.051  000.055  000.055: require('nvim-tree.explorer.watch')
118.137  000.044  000.044: require('nvim-tree.explorer.node-builders')
118.179  000.042  000.042: require('nvim-tree.explorer.sorters')
118.223  000.043  000.043: require('nvim-tree.explorer.filters')
118.328  000.059  000.059: require('nvim-tree.view')
118.330  000.106  000.046: require('nvim-tree.live-filter')
118.331  000.280  000.045: require('nvim-tree.explorer.explore')
118.377  000.044  000.044: require('nvim-tree.explorer.reload')
118.378  000.907  000.048: require('nvim-tree.explorer')
118.380  001.109  000.041: require('nvim-tree.core')
118.425  000.044  000.044: require('nvim-tree.diagnostics')
118.504  000.038  000.038: require('nvim-tree.modified')
118.505  000.079  000.041: require('nvim-tree.renderer.components.modified')
118.547  000.041  000.041: require('nvim-tree.renderer.components.padding')
118.589  000.042  000.042: require('nvim-tree.renderer.components.icons')
118.633  000.043  000.043: require('nvim-tree.renderer.components.full-name')
118.675  000.041  000.041: require('nvim-tree.renderer.help')
118.742  000.046  000.046: require('nvim-tree.renderer.components.git')
118.795  000.052  000.052: require('nvim-tree.renderer.builder')
118.840  000.044  000.044: require('nvim-tree.marks')
118.842  001.617  000.075: require('nvim-tree.renderer')
118.884  000.041  000.041: require('nvim-tree.actions.tree-modifiers.collapse-all')
118.924  000.039  000.039: require('nvim-tree.actions.root.dir-up')
118.968  000.042  000.042: require('nvim-tree.actions.root.change-dir')
119.022  000.054  000.054: require('nvim-tree.actions.reloaders.reloaders')
119.064  000.041  000.041: require('nvim-tree.actions.finders.find-file')
119.066  001.889  000.055: require('nvim-tree.lib')
119.114  000.047  000.047: require('nvim-tree.colors')
119.154  000.039  000.039: require('nvim-tree.legacy')
119.205  000.051  000.051: require('nvim-tree.actions.fs.copy-paste')
119.354  000.041  000.041: require('nvim-tree.actions.finders.search-node')
119.396  000.041  000.041: require('nvim-tree.actions.tree-modifiers.expand-all')
119.438  000.040  000.040: require('nvim-tree.actions.tree-modifiers.toggles')
119.480  000.041  000.041: require('nvim-tree.actions.fs.create-file')
119.524  000.043  000.043: require('nvim-tree.actions.fs.remove-file')
119.566  000.041  000.041: require('nvim-tree.actions.fs.trash')
119.609  000.043  000.043: require('nvim-tree.actions.fs.rename-file')
119.655  000.042  000.042: require('nvim-tree.actions.node.file-popup')
119.698  000.042  000.042: require('nvim-tree.actions.node.run-command')
119.739  000.040  000.040: require('nvim-tree.actions.node.system-open')
119.779  000.039  000.039: require('nvim-tree.actions.moves.sibling')
119.819  000.039  000.039: require('nvim-tree.actions.moves.parent')
119.859  000.039  000.039: require('nvim-tree.actions.moves.item')
119.901  000.039  000.039: require('nvim-tree.marks.bulk-move')
119.989  000.047  000.047: require('nvim-tree.actions.node.open-file')
119.991  000.088  000.042: require('nvim-tree.marks.navigation')
120.045  000.053  000.053: require('nvim-tree.keymap')
120.046  000.779  000.069: require('nvim-tree.api')
120.053  000.847  000.068: require('nvim-tree.keymap-legacy')
120.068  002.972  000.100: require('nvim-tree')
120.106  000.037  000.037: require('nvim-tree.config')
120.825  000.049  000.049: require('nvim-tree.actions')
121.109  000.163  000.163: require('nvim-web-devicons')
122.983  005.945  002.724: require('user.nvim-tree')
123.082  000.098  000.098: require('user.nvim-treesitter-context')
123.156  000.073  000.073: require('user.indent-blankline')
123.296  000.040  000.040: require('toggleterm.lazy')
123.337  000.039  000.039: require('toggleterm.constants')
123.398  000.061  000.061: require('toggleterm.terminal')
123.401  000.201  000.062: require('toggleterm')
123.495  000.050  000.050: require('toggleterm.colors')
123.537  000.041  000.041: require('toggleterm.utils')
123.540  000.137  000.046: require('toggleterm.config')
123.635  000.051  000.051: require('toggleterm.commandline')
123.650  000.494  000.105: require('user.toggleterm')
123.790  000.039  000.039: require('bufferline.lazy')
123.833  000.041  000.041: require('bufferline.constants')
123.883  000.049  000.049: require('bufferline.commands')
123.887  000.190  000.061: require('bufferline')
123.944  000.054  000.054: require('bufferline.utils')
124.005  000.059  000.059: require('bufferline.config')
124.109  000.068  000.068: require('bufferline.groups')
124.172  000.040  000.040: require('bufferline.colors')
124.361  000.049  000.049: require('bufferline.highlights')
124.797  000.046  000.046: require('bufferline.hover')
124.877  000.060  000.060: require('bufferline.ui')
124.892  001.240  000.674: require('user.bufferline')
125.034  000.045  000.045: require('lualine_require')
125.205  000.270  000.225: require('lualine')
126.633  000.054  000.054: require('lualine.utils.mode')
127.488  002.596  002.272: require('user.lualine')
127.699  000.093  000.093: require('fidget.log')
127.705  000.165  000.072: require('fidget')
127.771  000.063  000.063: require('fidget.spinners')
127.804  000.315  000.087: require('user.fidget')
128.024  000.039  000.039: require('yabs.utils')
128.025  000.082  000.042: require('yabs.task')
128.156  000.039  000.039: require('yabs.output')
128.157  000.084  000.045: require('yabs.outputs.buffer')
128.197  000.039  000.039: require('yabs.outputs.consolation')
128.235  000.037  000.037: require('yabs.outputs.echo')
128.273  000.037  000.037: require('yabs.outputs.none')
128.359  000.037  000.037: require('yabs.config')
128.360  000.087  000.050: require('yabs.outputs.quickfix')
128.400  000.039  000.039: require('yabs.outputs.terminal')
128.401  000.375  000.053: require('yabs.outputs')
128.402  000.502  000.045: require('yabs.language')
128.405  000.555  000.053: require('yabs')
128.448  000.042  000.042: require('yabs.conditions')
128.533  000.728  000.131: require('user.yabs')
128.627  000.049  000.049: require('telescope.themes')
128.765  000.133  000.133: require('dressing.config')
128.844  000.310  000.128: require('user.dressing')
128.973  000.038  000.038: require('legendary.vendor.lazy')
128.978  000.087  000.049: require('legendary')
129.310  000.037  000.037: require('plenary.tbl')
129.311  000.077  000.040: require('plenary.vararg.rotate')
129.312  000.118  000.041: require('plenary.vararg')
129.349  000.036  000.036: require('plenary.errors')
129.351  000.198  000.044: require('plenary.async.async')
129.393  000.041  000.041: require('plenary.async.structs')
129.396  000.287  000.047: require('plenary.async.control')
129.579  000.132  000.132: require('telescope.make_entry')
129.796  000.051  000.051: require('plenary.async.util')
129.798  000.099  000.048: require('plenary.async.tests')
129.799  000.148  000.049: require('plenary.async')
129.800  000.221  000.073: require('telescope.finders.async_static_finder')
129.976  000.056  000.056: require('plenary.class')
129.993  000.136  000.080: require('telescope._')
129.994  000.193  000.057: require('telescope.finders.async_oneshot_finder')
130.049  000.054  000.054: require('telescope.finders.async_job_finder')
130.054  000.657  000.057: require('telescope.finders')
130.259  000.100  000.100: require('telescope.debounce')
130.432  000.172  000.172: require('telescope.mappings')
130.493  000.060  000.060: require('telescope.pickers.highlights')
130.552  000.058  000.058: require('telescope.pickers.window')
130.675  000.065  000.065: require('telescope.algos.linked_list')
130.677  000.125  000.059: require('telescope.entry_manager')
130.729  000.051  000.051: require('telescope.pickers.multi')
130.741  000.686  000.121: require('telescope.pickers')
130.746  001.699  000.070: require('telescope.builtin.__lsp')
130.762  001.783  000.084: require('telescope.builtin')
130.834  000.051  000.051: require('legendary.deprecate')
130.978  000.050  000.050: require('legendary.vendor.sorter')
131.080  000.203  000.154: require('legendary.data.itemlist')
131.085  000.248  000.045: require('legendary.data.state')
131.168  000.080  000.080: require('legendary.data.keymap')
131.565  000.064  000.064: require('legendary.data.autocmd')
131.578  000.127  000.063: require('legendary.data.augroup')
131.687  000.060  000.060: require('legendary.data.function')
131.690  000.112  000.051: require('legendary.data.itemgroup')
132.253  003.408  000.921: require('user.legendary')
132.255  121.638  000.062: sourcing /Users/chaojiezhu/.config/nvim/init.lua
132.265  001.395: sourcing vimrc file(s)
132.628  000.061  000.061: sourcing /opt/homebrew/Cellar/neovim/0.8.3/share/nvim/runtime/filetype.lua
132.691  000.014  000.014: sourcing /opt/homebrew/Cellar/neovim/0.8.3/share/nvim/runtime/filetype.vim
133.052  000.062  000.062: sourcing /opt/homebrew/Cellar/neovim/0.8.3/share/nvim/runtime/syntax/synload.vim
133.127  000.324  000.262: sourcing /opt/homebrew/Cellar/neovim/0.8.3/share/nvim/runtime/syntax/syntax.vim
133.133  000.469: inits 3
134.260  001.127: reading ShaDa
134.618  000.096  000.096: require('luasnip.loaders.from_lua')
134.751  000.076  000.076: require('luasnip.loaders.from_snipmate')
134.844  000.078  000.078: require('luasnip.loaders.from_vscode')
134.944  000.435: opening buffers
135.066  000.065  000.065: require('bufferline.state')
135.111  000.102: BufEnter autocommands
135.112  000.001: editing files in windows
135.201  000.063  000.063: require('mason-core.terminator')
149.114  000.114  000.114: require('vim.fs')
149.433  000.060  000.060: require('gitsigns.signs.base')
149.434  000.130  000.070: require('gitsigns.signs')
149.505  000.070  000.070: require('gitsigns.status')
149.589  000.082  000.082: require('gitsigns.util')
149.593  000.357  000.075: require('gitsigns.hunks')
149.771  000.088  000.088: require('gitsigns.subprocess')
149.791  000.197  000.109: require('gitsigns.git')
149.794  000.625  000.071: require('gitsigns.cache')
